<?xml version="1.0" encoding="UTF-8"?>
<testng-results skipped="0" failed="1" ignored="0" total="2" passed="1">
  <reporter-output>
    <line>
      <![CDATA[[INFO]: The test Browser is FIREFOX !!!]]>
    </line>
    <line>
      <![CDATA[
[INFO]: The application url is :- http://plsats-live.intelliswift.co.in]]>
    </line>
    <line>
      <![CDATA[ASSERTION PASSED: PageTitle for 'PLS-ATS' contains: 'PLS-ATS'.]]>
    </line>
  </reporter-output>
  <suite name="Default suite" duration-ms="14284" started-at="2018-06-28T13:06:23Z" finished-at="2018-06-28T13:06:38Z">
    <groups>
    </groups>
    <test name="Default test" duration-ms="14284" started-at="2018-06-28T13:06:23Z" finished-at="2018-06-28T13:06:38Z">
      <class name="com.pls.functionalTests.CandidateCreation">
        <test-method status="PASS" signature="beforeClass()[pri:0, instance:com.pls.functionalTests.CandidateCreation@21be3395]" name="beforeClass" is-config="true" duration-ms="4662" started-at="2018-06-28T13:06:23Z" finished-at="2018-06-28T13:06:28Z">
          <reporter-output>
            <line>
              <![CDATA[
[INFO]: The application url is :- http://plsats-live.intelliswift.co.in]]>
            </line>
          </reporter-output>
        </test-method> <!-- beforeClass -->
        <test-method status="PASS" signature="TC_01_Login()[pri:0, instance:com.pls.functionalTests.CandidateCreation@21be3395]" name="TC_01_Login" duration-ms="6490" started-at="2018-06-28T13:06:28Z" finished-at="2018-06-28T13:06:35Z">
          <reporter-output>
          </reporter-output>
        </test-method> <!-- TC_01_Login -->
        <test-method status="FAIL" signature="TC_02_CreateCandidate()[pri:0, instance:com.pls.functionalTests.CandidateCreation@21be3395]" name="TC_02_CreateCandidate" duration-ms="3101" started-at="2018-06-28T13:06:35Z" finished-at="2018-06-28T13:06:38Z">
          <exception class="java.lang.NullPointerException">
            <full-stacktrace>
              <![CDATA[java.lang.NullPointerException
at com.pls.utilities.ExcelUtility.getCellData(ExcelUtility.java:69)
at com.pls.functionalTests.CandidateCreation.TC_02_CreateCandidate(CandidateCreation.java:66)
at sun.reflect.NativeMethodAccessorImpl.invoke0(Native Method)
at sun.reflect.NativeMethodAccessorImpl.invoke(Unknown Source)
at sun.reflect.DelegatingMethodAccessorImpl.invoke(Unknown Source)
at java.lang.reflect.Method.invoke(Unknown Source)
at org.testng.internal.MethodInvocationHelper.invokeMethod(MethodInvocationHelper.java:124)
at org.testng.internal.Invoker.invokeMethod(Invoker.java:580)
at org.testng.internal.Invoker.invokeTestMethod(Invoker.java:716)
at org.testng.internal.Invoker.invokeTestMethods(Invoker.java:988)
at org.testng.internal.TestMethodWorker.invokeTestMethods(TestMethodWorker.java:125)
at org.testng.internal.TestMethodWorker.run(TestMethodWorker.java:109)
at org.testng.TestRunner.privateRun(TestRunner.java:648)
at org.testng.TestRunner.run(TestRunner.java:505)
at org.testng.SuiteRunner.runTest(SuiteRunner.java:455)
at org.testng.SuiteRunner.runSequentially(SuiteRunner.java:450)
at org.testng.SuiteRunner.privateRun(SuiteRunner.java:415)
at org.testng.SuiteRunner.run(SuiteRunner.java:364)
at org.testng.SuiteRunnerWorker.runSuite(SuiteRunnerWorker.java:52)
at org.testng.SuiteRunnerWorker.run(SuiteRunnerWorker.java:84)
at org.testng.TestNG.runSuitesSequentially(TestNG.java:1208)
at org.testng.TestNG.runSuitesLocally(TestNG.java:1137)
at org.testng.TestNG.runSuites(TestNG.java:1049)
at org.testng.TestNG.run(TestNG.java:1017)
at org.testng.remote.AbstractRemoteTestNG.run(AbstractRemoteTestNG.java:114)
at org.testng.remote.RemoteTestNG.initAndRun(RemoteTestNG.java:251)
at org.testng.remote.RemoteTestNG.main(RemoteTestNG.java:77)
]]>
            </full-stacktrace>
          </exception> <!-- java.lang.NullPointerException -->
          <reporter-output>
            <line>
              <![CDATA[ASSERTION PASSED: PageTitle for 'PLS-ATS' contains: 'PLS-ATS'.]]>
            </line>
          </reporter-output>
        </test-method> <!-- TC_02_CreateCandidate -->
        <test-method status="PASS" signature="afterTest()[pri:0, instance:com.pls.functionalTests.CandidateCreation@21be3395]" name="afterTest" is-config="true" duration-ms="0" started-at="2018-06-28T13:06:38Z" finished-at="2018-06-28T13:06:38Z">
          <reporter-output>
          </reporter-output>
        </test-method> <!-- afterTest -->
      </class> <!-- com.pls.functionalTests.CandidateCreation -->
    </test> <!-- Default test -->
  </suite> <!-- Default suite -->
</testng-results>
